

Started GET "/" for ::1 at 2016-03-25 15:12:28 +0900

Gem::LoadError (Specified 'sqlite3' for database adapter, but the gem is not loaded. Add `gem 'sqlite3'` to your Gemfile (and ensure its version is at the minimum required by ActiveRecord).):
  activerecord (4.2.5) lib/active_record/connection_adapters/connection_specification.rb:177:in `rescue in spec'
  activerecord (4.2.5) lib/active_record/connection_adapters/connection_specification.rb:174:in `spec'
  activerecord (4.2.5) lib/active_record/connection_handling.rb:50:in `establish_connection'
  activerecord (4.2.5) lib/active_record/railtie.rb:120:in `block (2 levels) in <class:Railtie>'
  activesupport (4.2.5) lib/active_support/lazy_load_hooks.rb:38:in `instance_eval'
  activesupport (4.2.5) lib/active_support/lazy_load_hooks.rb:38:in `execute_hook'
  activesupport (4.2.5) lib/active_support/lazy_load_hooks.rb:45:in `block in run_load_hooks'
  activesupport (4.2.5) lib/active_support/lazy_load_hooks.rb:44:in `each'
  activesupport (4.2.5) lib/active_support/lazy_load_hooks.rb:44:in `run_load_hooks'
  activerecord (4.2.5) lib/active_record/base.rb:315:in `<module:ActiveRecord>'
  activerecord (4.2.5) lib/active_record/base.rb:26:in `<top (required)>'
  activerecord (4.2.5) lib/active_record/migration.rb:383:in `connection'
  activerecord (4.2.5) lib/active_record/migration.rb:370:in `call'
  actionpack (4.2.5) lib/action_dispatch/middleware/callbacks.rb:29:in `block in call'
  activesupport (4.2.5) lib/active_support/callbacks.rb:88:in `__run_callbacks__'
  activesupport (4.2.5) lib/active_support/callbacks.rb:778:in `_run_call_callbacks'
  activesupport (4.2.5) lib/active_support/callbacks.rb:81:in `run_callbacks'
  actionpack (4.2.5) lib/action_dispatch/middleware/callbacks.rb:27:in `call'
  actionpack (4.2.5) lib/action_dispatch/middleware/reloader.rb:73:in `call'
  actionpack (4.2.5) lib/action_dispatch/middleware/remote_ip.rb:78:in `call'
  actionpack (4.2.5) lib/action_dispatch/middleware/debug_exceptions.rb:17:in `call'
  web-console (2.3.0) lib/web_console/middleware.rb:28:in `block in call'
  web-console (2.3.0) lib/web_console/middleware.rb:18:in `catch'
  web-console (2.3.0) lib/web_console/middleware.rb:18:in `call'
  actionpack (4.2.5) lib/action_dispatch/middleware/show_exceptions.rb:30:in `call'
  railties (4.2.5) lib/rails/rack/logger.rb:38:in `call_app'
  railties (4.2.5) lib/rails/rack/logger.rb:20:in `block in call'
  activesupport (4.2.5) lib/active_support/tagged_logging.rb:68:in `block in tagged'
  activesupport (4.2.5) lib/active_support/tagged_logging.rb:26:in `tagged'
  activesupport (4.2.5) lib/active_support/tagged_logging.rb:68:in `tagged'
  railties (4.2.5) lib/rails/rack/logger.rb:20:in `call'
  actionpack (4.2.5) lib/action_dispatch/middleware/request_id.rb:21:in `call'
  rack (1.6.4) lib/rack/methodoverride.rb:22:in `call'
  rack (1.6.4) lib/rack/runtime.rb:18:in `call'
  activesupport (4.2.5) lib/active_support/cache/strategy/local_cache_middleware.rb:28:in `call'
  rack (1.6.4) lib/rack/lock.rb:17:in `call'
  actionpack (4.2.5) lib/action_dispatch/middleware/static.rb:116:in `call'
  rack (1.6.4) lib/rack/sendfile.rb:113:in `call'
  railties (4.2.5) lib/rails/engine.rb:518:in `call'
  railties (4.2.5) lib/rails/application.rb:165:in `call'
  rack (1.6.4) lib/rack/lock.rb:17:in `call'
  rack (1.6.4) lib/rack/content_length.rb:15:in `call'
  rack (1.6.4) lib/rack/handler/webrick.rb:88:in `service'
  /Users/akihiro/.rbenv/versions/2.1.3/lib/ruby/2.1.0/webrick/httpserver.rb:138:in `service'
  /Users/akihiro/.rbenv/versions/2.1.3/lib/ruby/2.1.0/webrick/httpserver.rb:94:in `run'
  /Users/akihiro/.rbenv/versions/2.1.3/lib/ruby/2.1.0/webrick/server.rb:295:in `block in start_thread'


  Rendered /Users/akihiro/.rbenv/versions/2.1.3/lib/ruby/gems/2.1.0/gems/actionpack-4.2.5/lib/action_dispatch/middleware/templates/rescues/_source.erb (2.7ms)
  Rendered /Users/akihiro/.rbenv/versions/2.1.3/lib/ruby/gems/2.1.0/gems/actionpack-4.2.5/lib/action_dispatch/middleware/templates/rescues/_trace.html.erb (2.6ms)
  Rendered /Users/akihiro/.rbenv/versions/2.1.3/lib/ruby/gems/2.1.0/gems/actionpack-4.2.5/lib/action_dispatch/middleware/templates/rescues/_request_and_response.html.erb (0.9ms)
  Rendered /Users/akihiro/.rbenv/versions/2.1.3/lib/ruby/gems/2.1.0/gems/actionpack-4.2.5/lib/action_dispatch/middleware/templates/rescues/diagnostics.html.erb within rescues/layout (28.6ms)
  Rendered /Users/akihiro/.rbenv/versions/2.1.3/lib/ruby/gems/2.1.0/gems/web-console-2.3.0/lib/web_console/templates/_markup.html.erb (0.3ms)
  Rendered /Users/akihiro/.rbenv/versions/2.1.3/lib/ruby/gems/2.1.0/gems/web-console-2.3.0/lib/web_console/templates/_inner_console_markup.html.erb within layouts/inlined_string (0.3ms)
  Rendered /Users/akihiro/.rbenv/versions/2.1.3/lib/ruby/gems/2.1.0/gems/web-console-2.3.0/lib/web_console/templates/_prompt_box_markup.html.erb within layouts/inlined_string (0.3ms)
  Rendered /Users/akihiro/.rbenv/versions/2.1.3/lib/ruby/gems/2.1.0/gems/web-console-2.3.0/lib/web_console/templates/style.css.erb within layouts/inlined_string (0.6ms)
  Rendered /Users/akihiro/.rbenv/versions/2.1.3/lib/ruby/gems/2.1.0/gems/web-console-2.3.0/lib/web_console/templates/console.js.erb within layouts/javascript (20.0ms)
  Rendered /Users/akihiro/.rbenv/versions/2.1.3/lib/ruby/gems/2.1.0/gems/web-console-2.3.0/lib/web_console/templates/main.js.erb within layouts/javascript (0.3ms)
  Rendered /Users/akihiro/.rbenv/versions/2.1.3/lib/ruby/gems/2.1.0/gems/web-console-2.3.0/lib/web_console/templates/error_page.js.erb within layouts/javascript (0.3ms)
  Rendered /Users/akihiro/.rbenv/versions/2.1.3/lib/ruby/gems/2.1.0/gems/web-console-2.3.0/lib/web_console/templates/index.html.erb (39.7ms)


Started GET "/" for ::1 at 2016-03-25 15:15:20 +0900

Gem::LoadError (Specified 'sqlite3' for database adapter, but the gem is not loaded. Add `gem 'sqlite3'` to your Gemfile (and ensure its version is at the minimum required by ActiveRecord).):
  activerecord (4.2.5) lib/active_record/connection_adapters/connection_specification.rb:177:in `rescue in spec'
  activerecord (4.2.5) lib/active_record/connection_adapters/connection_specification.rb:174:in `spec'
  activerecord (4.2.5) lib/active_record/connection_handling.rb:50:in `establish_connection'
  activerecord (4.2.5) lib/active_record/railtie.rb:120:in `block (2 levels) in <class:Railtie>'
  activesupport (4.2.5) lib/active_support/lazy_load_hooks.rb:38:in `instance_eval'
  activesupport (4.2.5) lib/active_support/lazy_load_hooks.rb:38:in `execute_hook'
  activesupport (4.2.5) lib/active_support/lazy_load_hooks.rb:45:in `block in run_load_hooks'
  activesupport (4.2.5) lib/active_support/lazy_load_hooks.rb:44:in `each'
  activesupport (4.2.5) lib/active_support/lazy_load_hooks.rb:44:in `run_load_hooks'
  activerecord (4.2.5) lib/active_record/base.rb:315:in `<module:ActiveRecord>'
  activerecord (4.2.5) lib/active_record/base.rb:26:in `<top (required)>'
  activerecord (4.2.5) lib/active_record/migration.rb:383:in `connection'
  activerecord (4.2.5) lib/active_record/migration.rb:370:in `call'
  actionpack (4.2.5) lib/action_dispatch/middleware/callbacks.rb:29:in `block in call'
  activesupport (4.2.5) lib/active_support/callbacks.rb:88:in `__run_callbacks__'
  activesupport (4.2.5) lib/active_support/callbacks.rb:778:in `_run_call_callbacks'
  activesupport (4.2.5) lib/active_support/callbacks.rb:81:in `run_callbacks'
  actionpack (4.2.5) lib/action_dispatch/middleware/callbacks.rb:27:in `call'
  actionpack (4.2.5) lib/action_dispatch/middleware/reloader.rb:73:in `call'
  actionpack (4.2.5) lib/action_dispatch/middleware/remote_ip.rb:78:in `call'
  actionpack (4.2.5) lib/action_dispatch/middleware/debug_exceptions.rb:17:in `call'
  web-console (2.3.0) lib/web_console/middleware.rb:28:in `block in call'
  web-console (2.3.0) lib/web_console/middleware.rb:18:in `catch'
  web-console (2.3.0) lib/web_console/middleware.rb:18:in `call'
  actionpack (4.2.5) lib/action_dispatch/middleware/show_exceptions.rb:30:in `call'
  railties (4.2.5) lib/rails/rack/logger.rb:38:in `call_app'
  railties (4.2.5) lib/rails/rack/logger.rb:20:in `block in call'
  activesupport (4.2.5) lib/active_support/tagged_logging.rb:68:in `block in tagged'
  activesupport (4.2.5) lib/active_support/tagged_logging.rb:26:in `tagged'
  activesupport (4.2.5) lib/active_support/tagged_logging.rb:68:in `tagged'
  railties (4.2.5) lib/rails/rack/logger.rb:20:in `call'
  actionpack (4.2.5) lib/action_dispatch/middleware/request_id.rb:21:in `call'
  rack (1.6.4) lib/rack/methodoverride.rb:22:in `call'
  rack (1.6.4) lib/rack/runtime.rb:18:in `call'
  activesupport (4.2.5) lib/active_support/cache/strategy/local_cache_middleware.rb:28:in `call'
  rack (1.6.4) lib/rack/lock.rb:17:in `call'
  actionpack (4.2.5) lib/action_dispatch/middleware/static.rb:116:in `call'
  rack (1.6.4) lib/rack/sendfile.rb:113:in `call'
  railties (4.2.5) lib/rails/engine.rb:518:in `call'
  railties (4.2.5) lib/rails/application.rb:165:in `call'
  rack (1.6.4) lib/rack/lock.rb:17:in `call'
  rack (1.6.4) lib/rack/content_length.rb:15:in `call'
  rack (1.6.4) lib/rack/handler/webrick.rb:88:in `service'
  /Users/akihiro/.rbenv/versions/2.1.3/lib/ruby/2.1.0/webrick/httpserver.rb:138:in `service'
  /Users/akihiro/.rbenv/versions/2.1.3/lib/ruby/2.1.0/webrick/httpserver.rb:94:in `run'
  /Users/akihiro/.rbenv/versions/2.1.3/lib/ruby/2.1.0/webrick/server.rb:295:in `block in start_thread'


  Rendered /Users/akihiro/.rbenv/versions/2.1.3/lib/ruby/gems/2.1.0/gems/actionpack-4.2.5/lib/action_dispatch/middleware/templates/rescues/_source.erb (2.7ms)
  Rendered /Users/akihiro/.rbenv/versions/2.1.3/lib/ruby/gems/2.1.0/gems/actionpack-4.2.5/lib/action_dispatch/middleware/templates/rescues/_trace.html.erb (1.9ms)
  Rendered /Users/akihiro/.rbenv/versions/2.1.3/lib/ruby/gems/2.1.0/gems/actionpack-4.2.5/lib/action_dispatch/middleware/templates/rescues/_request_and_response.html.erb (0.7ms)
  Rendered /Users/akihiro/.rbenv/versions/2.1.3/lib/ruby/gems/2.1.0/gems/actionpack-4.2.5/lib/action_dispatch/middleware/templates/rescues/diagnostics.html.erb within rescues/layout (17.4ms)
  Rendered /Users/akihiro/.rbenv/versions/2.1.3/lib/ruby/gems/2.1.0/gems/web-console-2.3.0/lib/web_console/templates/_markup.html.erb (0.3ms)
  Rendered /Users/akihiro/.rbenv/versions/2.1.3/lib/ruby/gems/2.1.0/gems/web-console-2.3.0/lib/web_console/templates/_inner_console_markup.html.erb within layouts/inlined_string (0.2ms)
  Rendered /Users/akihiro/.rbenv/versions/2.1.3/lib/ruby/gems/2.1.0/gems/web-console-2.3.0/lib/web_console/templates/_prompt_box_markup.html.erb within layouts/inlined_string (0.2ms)
  Rendered /Users/akihiro/.rbenv/versions/2.1.3/lib/ruby/gems/2.1.0/gems/web-console-2.3.0/lib/web_console/templates/style.css.erb within layouts/inlined_string (0.2ms)
  Rendered /Users/akihiro/.rbenv/versions/2.1.3/lib/ruby/gems/2.1.0/gems/web-console-2.3.0/lib/web_console/templates/console.js.erb within layouts/javascript (14.6ms)
  Rendered /Users/akihiro/.rbenv/versions/2.1.3/lib/ruby/gems/2.1.0/gems/web-console-2.3.0/lib/web_console/templates/main.js.erb within layouts/javascript (0.3ms)
  Rendered /Users/akihiro/.rbenv/versions/2.1.3/lib/ruby/gems/2.1.0/gems/web-console-2.3.0/lib/web_console/templates/error_page.js.erb within layouts/javascript (0.2ms)
  Rendered /Users/akihiro/.rbenv/versions/2.1.3/lib/ruby/gems/2.1.0/gems/web-console-2.3.0/lib/web_console/templates/index.html.erb (30.6ms)


Started GET "/" for ::1 at 2016-03-25 15:17:26 +0900
Processing by Rails::WelcomeController#index as HTML
  Rendered /Users/akihiro/.rbenv/versions/2.1.3/lib/ruby/gems/2.1.0/gems/railties-4.2.5/lib/rails/templates/rails/welcome/index.html.erb (2.1ms)
Completed 200 OK in 18ms (Views: 10.7ms | ActiveRecord: 0.0ms)


Started GET "/" for ::1 at 2016-03-25 15:31:21 +0900
Processing by Rails::WelcomeController#index as HTML
  Rendered /Users/akihiro/.rbenv/versions/2.1.3/lib/ruby/gems/2.1.0/gems/railties-4.2.5/lib/rails/templates/rails/welcome/index.html.erb (1.1ms)
Completed 200 OK in 14ms (Views: 7.1ms | ActiveRecord: 0.0ms)


Started GET "/" for ::1 at 2016-03-25 15:31:21 +0900
Processing by Rails::WelcomeController#index as HTML
  Rendered /Users/akihiro/.rbenv/versions/2.1.3/lib/ruby/gems/2.1.0/gems/railties-4.2.5/lib/rails/templates/rails/welcome/index.html.erb (0.0ms)
Completed 200 OK in 1ms (Views: 0.8ms | ActiveRecord: 0.0ms)


Started GET "/new" for ::1 at 2016-03-25 15:31:23 +0900

ActionController::RoutingError (No route matches [GET] "/new"):
  actionpack (4.2.5) lib/action_dispatch/middleware/debug_exceptions.rb:21:in `call'
  web-console (2.3.0) lib/web_console/middleware.rb:28:in `block in call'
  web-console (2.3.0) lib/web_console/middleware.rb:18:in `catch'
  web-console (2.3.0) lib/web_console/middleware.rb:18:in `call'
  actionpack (4.2.5) lib/action_dispatch/middleware/show_exceptions.rb:30:in `call'
  railties (4.2.5) lib/rails/rack/logger.rb:38:in `call_app'
  railties (4.2.5) lib/rails/rack/logger.rb:20:in `block in call'
  activesupport (4.2.5) lib/active_support/tagged_logging.rb:68:in `block in tagged'
  activesupport (4.2.5) lib/active_support/tagged_logging.rb:26:in `tagged'
  activesupport (4.2.5) lib/active_support/tagged_logging.rb:68:in `tagged'
  railties (4.2.5) lib/rails/rack/logger.rb:20:in `call'
  actionpack (4.2.5) lib/action_dispatch/middleware/request_id.rb:21:in `call'
  rack (1.6.4) lib/rack/methodoverride.rb:22:in `call'
  rack (1.6.4) lib/rack/runtime.rb:18:in `call'
  activesupport (4.2.5) lib/active_support/cache/strategy/local_cache_middleware.rb:28:in `call'
  rack (1.6.4) lib/rack/lock.rb:17:in `call'
  actionpack (4.2.5) lib/action_dispatch/middleware/static.rb:116:in `call'
  rack (1.6.4) lib/rack/sendfile.rb:113:in `call'
  railties (4.2.5) lib/rails/engine.rb:518:in `call'
  railties (4.2.5) lib/rails/application.rb:165:in `call'
  rack (1.6.4) lib/rack/lock.rb:17:in `call'
  rack (1.6.4) lib/rack/content_length.rb:15:in `call'
  rack (1.6.4) lib/rack/handler/webrick.rb:88:in `service'
  /Users/akihiro/.rbenv/versions/2.1.3/lib/ruby/2.1.0/webrick/httpserver.rb:138:in `service'
  /Users/akihiro/.rbenv/versions/2.1.3/lib/ruby/2.1.0/webrick/httpserver.rb:94:in `run'
  /Users/akihiro/.rbenv/versions/2.1.3/lib/ruby/2.1.0/webrick/server.rb:295:in `block in start_thread'


  Rendered /Users/akihiro/.rbenv/versions/2.1.3/lib/ruby/gems/2.1.0/gems/actionpack-4.2.5/lib/action_dispatch/middleware/templates/rescues/_trace.html.erb (1.1ms)
  Rendered /Users/akihiro/.rbenv/versions/2.1.3/lib/ruby/gems/2.1.0/gems/actionpack-4.2.5/lib/action_dispatch/middleware/templates/routes/_table.html.erb (4.9ms)
  Rendered /Users/akihiro/.rbenv/versions/2.1.3/lib/ruby/gems/2.1.0/gems/actionpack-4.2.5/lib/action_dispatch/middleware/templates/rescues/_request_and_response.html.erb (1.5ms)
  Rendered /Users/akihiro/.rbenv/versions/2.1.3/lib/ruby/gems/2.1.0/gems/actionpack-4.2.5/lib/action_dispatch/middleware/templates/rescues/routing_error.html.erb within rescues/layout (21.0ms)
  Rendered /Users/akihiro/.rbenv/versions/2.1.3/lib/ruby/gems/2.1.0/gems/web-console-2.3.0/lib/web_console/templates/_markup.html.erb (0.3ms)
  Rendered /Users/akihiro/.rbenv/versions/2.1.3/lib/ruby/gems/2.1.0/gems/web-console-2.3.0/lib/web_console/templates/_inner_console_markup.html.erb within layouts/inlined_string (0.3ms)
  Rendered /Users/akihiro/.rbenv/versions/2.1.3/lib/ruby/gems/2.1.0/gems/web-console-2.3.0/lib/web_console/templates/_prompt_box_markup.html.erb within layouts/inlined_string (0.2ms)
  Rendered /Users/akihiro/.rbenv/versions/2.1.3/lib/ruby/gems/2.1.0/gems/web-console-2.3.0/lib/web_console/templates/style.css.erb within layouts/inlined_string (0.2ms)
  Rendered /Users/akihiro/.rbenv/versions/2.1.3/lib/ruby/gems/2.1.0/gems/web-console-2.3.0/lib/web_console/templates/console.js.erb within layouts/javascript (24.6ms)
  Rendered /Users/akihiro/.rbenv/versions/2.1.3/lib/ruby/gems/2.1.0/gems/web-console-2.3.0/lib/web_console/templates/main.js.erb within layouts/javascript (0.2ms)
  Rendered /Users/akihiro/.rbenv/versions/2.1.3/lib/ruby/gems/2.1.0/gems/web-console-2.3.0/lib/web_console/templates/error_page.js.erb within layouts/javascript (0.3ms)
  Rendered /Users/akihiro/.rbenv/versions/2.1.3/lib/ruby/gems/2.1.0/gems/web-console-2.3.0/lib/web_console/templates/index.html.erb (39.2ms)


Started GET "/new" for ::1 at 2016-03-25 15:32:11 +0900

ActionController::RoutingError (No route matches [GET] "/new"):
  actionpack (4.2.5) lib/action_dispatch/middleware/debug_exceptions.rb:21:in `call'
  web-console (2.3.0) lib/web_console/middleware.rb:28:in `block in call'
  web-console (2.3.0) lib/web_console/middleware.rb:18:in `catch'
  web-console (2.3.0) lib/web_console/middleware.rb:18:in `call'
  actionpack (4.2.5) lib/action_dispatch/middleware/show_exceptions.rb:30:in `call'
  railties (4.2.5) lib/rails/rack/logger.rb:38:in `call_app'
  railties (4.2.5) lib/rails/rack/logger.rb:20:in `block in call'
  activesupport (4.2.5) lib/active_support/tagged_logging.rb:68:in `block in tagged'
  activesupport (4.2.5) lib/active_support/tagged_logging.rb:26:in `tagged'
  activesupport (4.2.5) lib/active_support/tagged_logging.rb:68:in `tagged'
  railties (4.2.5) lib/rails/rack/logger.rb:20:in `call'
  actionpack (4.2.5) lib/action_dispatch/middleware/request_id.rb:21:in `call'
  rack (1.6.4) lib/rack/methodoverride.rb:22:in `call'
  rack (1.6.4) lib/rack/runtime.rb:18:in `call'
  activesupport (4.2.5) lib/active_support/cache/strategy/local_cache_middleware.rb:28:in `call'
  rack (1.6.4) lib/rack/lock.rb:17:in `call'
  actionpack (4.2.5) lib/action_dispatch/middleware/static.rb:116:in `call'
  rack (1.6.4) lib/rack/sendfile.rb:113:in `call'
  railties (4.2.5) lib/rails/engine.rb:518:in `call'
  railties (4.2.5) lib/rails/application.rb:165:in `call'
  rack (1.6.4) lib/rack/lock.rb:17:in `call'
  rack (1.6.4) lib/rack/content_length.rb:15:in `call'
  rack (1.6.4) lib/rack/handler/webrick.rb:88:in `service'
  /Users/akihiro/.rbenv/versions/2.1.3/lib/ruby/2.1.0/webrick/httpserver.rb:138:in `service'
  /Users/akihiro/.rbenv/versions/2.1.3/lib/ruby/2.1.0/webrick/httpserver.rb:94:in `run'
  /Users/akihiro/.rbenv/versions/2.1.3/lib/ruby/2.1.0/webrick/server.rb:295:in `block in start_thread'


  Rendered /Users/akihiro/.rbenv/versions/2.1.3/lib/ruby/gems/2.1.0/gems/actionpack-4.2.5/lib/action_dispatch/middleware/templates/rescues/_trace.html.erb (1.0ms)
  Rendered /Users/akihiro/.rbenv/versions/2.1.3/lib/ruby/gems/2.1.0/gems/actionpack-4.2.5/lib/action_dispatch/middleware/templates/routes/_route.html.erb (0.5ms)
  Rendered /Users/akihiro/.rbenv/versions/2.1.3/lib/ruby/gems/2.1.0/gems/actionpack-4.2.5/lib/action_dispatch/middleware/templates/routes/_table.html.erb (1.0ms)
  Rendered /Users/akihiro/.rbenv/versions/2.1.3/lib/ruby/gems/2.1.0/gems/actionpack-4.2.5/lib/action_dispatch/middleware/templates/rescues/_request_and_response.html.erb (1.1ms)
  Rendered /Users/akihiro/.rbenv/versions/2.1.3/lib/ruby/gems/2.1.0/gems/actionpack-4.2.5/lib/action_dispatch/middleware/templates/rescues/routing_error.html.erb within rescues/layout (19.7ms)
  Rendered /Users/akihiro/.rbenv/versions/2.1.3/lib/ruby/gems/2.1.0/gems/web-console-2.3.0/lib/web_console/templates/_markup.html.erb (0.2ms)
  Rendered /Users/akihiro/.rbenv/versions/2.1.3/lib/ruby/gems/2.1.0/gems/web-console-2.3.0/lib/web_console/templates/_inner_console_markup.html.erb within layouts/inlined_string (0.2ms)
  Rendered /Users/akihiro/.rbenv/versions/2.1.3/lib/ruby/gems/2.1.0/gems/web-console-2.3.0/lib/web_console/templates/_prompt_box_markup.html.erb within layouts/inlined_string (0.2ms)
  Rendered /Users/akihiro/.rbenv/versions/2.1.3/lib/ruby/gems/2.1.0/gems/web-console-2.3.0/lib/web_console/templates/style.css.erb within layouts/inlined_string (0.2ms)
  Rendered /Users/akihiro/.rbenv/versions/2.1.3/lib/ruby/gems/2.1.0/gems/web-console-2.3.0/lib/web_console/templates/console.js.erb within layouts/javascript (14.9ms)
  Rendered /Users/akihiro/.rbenv/versions/2.1.3/lib/ruby/gems/2.1.0/gems/web-console-2.3.0/lib/web_console/templates/main.js.erb within layouts/javascript (0.2ms)
  Rendered /Users/akihiro/.rbenv/versions/2.1.3/lib/ruby/gems/2.1.0/gems/web-console-2.3.0/lib/web_console/templates/error_page.js.erb within layouts/javascript (0.4ms)
  Rendered /Users/akihiro/.rbenv/versions/2.1.3/lib/ruby/gems/2.1.0/gems/web-console-2.3.0/lib/web_console/templates/index.html.erb (31.9ms)


Started GET "/direction/new" for ::1 at 2016-03-25 15:32:20 +0900

ActionController::RoutingError (uninitialized constant DerectionController):
  activesupport (4.2.5) lib/active_support/inflector/methods.rb:261:in `const_get'
  activesupport (4.2.5) lib/active_support/inflector/methods.rb:261:in `block in constantize'
  activesupport (4.2.5) lib/active_support/inflector/methods.rb:259:in `each'
  activesupport (4.2.5) lib/active_support/inflector/methods.rb:259:in `inject'
  activesupport (4.2.5) lib/active_support/inflector/methods.rb:259:in `constantize'
  actionpack (4.2.5) lib/action_dispatch/routing/route_set.rb:72:in `controller_reference'
  actionpack (4.2.5) lib/action_dispatch/routing/route_set.rb:62:in `controller'
  actionpack (4.2.5) lib/action_dispatch/routing/route_set.rb:41:in `serve'
  actionpack (4.2.5) lib/action_dispatch/journey/router.rb:43:in `block in serve'
  actionpack (4.2.5) lib/action_dispatch/journey/router.rb:30:in `each'
  actionpack (4.2.5) lib/action_dispatch/journey/router.rb:30:in `serve'
  actionpack (4.2.5) lib/action_dispatch/routing/route_set.rb:817:in `call'
  rack (1.6.4) lib/rack/etag.rb:24:in `call'
  rack (1.6.4) lib/rack/conditionalget.rb:25:in `call'
  rack (1.6.4) lib/rack/head.rb:13:in `call'
  actionpack (4.2.5) lib/action_dispatch/middleware/params_parser.rb:27:in `call'
  actionpack (4.2.5) lib/action_dispatch/middleware/flash.rb:260:in `call'
  rack (1.6.4) lib/rack/session/abstract/id.rb:225:in `context'
  rack (1.6.4) lib/rack/session/abstract/id.rb:220:in `call'
  actionpack (4.2.5) lib/action_dispatch/middleware/cookies.rb:560:in `call'
  activerecord (4.2.5) lib/active_record/query_cache.rb:36:in `call'
  activerecord (4.2.5) lib/active_record/connection_adapters/abstract/connection_pool.rb:653:in `call'
  activerecord (4.2.5) lib/active_record/migration.rb:377:in `call'
  actionpack (4.2.5) lib/action_dispatch/middleware/callbacks.rb:29:in `block in call'
  activesupport (4.2.5) lib/active_support/callbacks.rb:88:in `__run_callbacks__'
  activesupport (4.2.5) lib/active_support/callbacks.rb:778:in `_run_call_callbacks'
  activesupport (4.2.5) lib/active_support/callbacks.rb:81:in `run_callbacks'
  actionpack (4.2.5) lib/action_dispatch/middleware/callbacks.rb:27:in `call'
  actionpack (4.2.5) lib/action_dispatch/middleware/reloader.rb:73:in `call'
  actionpack (4.2.5) lib/action_dispatch/middleware/remote_ip.rb:78:in `call'
  actionpack (4.2.5) lib/action_dispatch/middleware/debug_exceptions.rb:17:in `call'
  web-console (2.3.0) lib/web_console/middleware.rb:28:in `block in call'
  web-console (2.3.0) lib/web_console/middleware.rb:18:in `catch'
  web-console (2.3.0) lib/web_console/middleware.rb:18:in `call'
  actionpack (4.2.5) lib/action_dispatch/middleware/show_exceptions.rb:30:in `call'
  railties (4.2.5) lib/rails/rack/logger.rb:38:in `call_app'
  railties (4.2.5) lib/rails/rack/logger.rb:20:in `block in call'
  activesupport (4.2.5) lib/active_support/tagged_logging.rb:68:in `block in tagged'
  activesupport (4.2.5) lib/active_support/tagged_logging.rb:26:in `tagged'
  activesupport (4.2.5) lib/active_support/tagged_logging.rb:68:in `tagged'
  railties (4.2.5) lib/rails/rack/logger.rb:20:in `call'
  actionpack (4.2.5) lib/action_dispatch/middleware/request_id.rb:21:in `call'
  rack (1.6.4) lib/rack/methodoverride.rb:22:in `call'
  rack (1.6.4) lib/rack/runtime.rb:18:in `call'
  activesupport (4.2.5) lib/active_support/cache/strategy/local_cache_middleware.rb:28:in `call'
  rack (1.6.4) lib/rack/lock.rb:17:in `call'
  actionpack (4.2.5) lib/action_dispatch/middleware/static.rb:116:in `call'
  rack (1.6.4) lib/rack/sendfile.rb:113:in `call'
  railties (4.2.5) lib/rails/engine.rb:518:in `call'
  railties (4.2.5) lib/rails/application.rb:165:in `call'
  rack (1.6.4) lib/rack/lock.rb:17:in `call'
  rack (1.6.4) lib/rack/content_length.rb:15:in `call'
  rack (1.6.4) lib/rack/handler/webrick.rb:88:in `service'
  /Users/akihiro/.rbenv/versions/2.1.3/lib/ruby/2.1.0/webrick/httpserver.rb:138:in `service'
  /Users/akihiro/.rbenv/versions/2.1.3/lib/ruby/2.1.0/webrick/httpserver.rb:94:in `run'
  /Users/akihiro/.rbenv/versions/2.1.3/lib/ruby/2.1.0/webrick/server.rb:295:in `block in start_thread'


  Rendered /Users/akihiro/.rbenv/versions/2.1.3/lib/ruby/gems/2.1.0/gems/actionpack-4.2.5/lib/action_dispatch/middleware/templates/rescues/_trace.html.erb (1.8ms)
  Rendered /Users/akihiro/.rbenv/versions/2.1.3/lib/ruby/gems/2.1.0/gems/actionpack-4.2.5/lib/action_dispatch/middleware/templates/routes/_route.html.erb (0.8ms)
  Rendered /Users/akihiro/.rbenv/versions/2.1.3/lib/ruby/gems/2.1.0/gems/actionpack-4.2.5/lib/action_dispatch/middleware/templates/routes/_table.html.erb (1.0ms)
  Rendered /Users/akihiro/.rbenv/versions/2.1.3/lib/ruby/gems/2.1.0/gems/actionpack-4.2.5/lib/action_dispatch/middleware/templates/rescues/_request_and_response.html.erb (0.8ms)
  Rendered /Users/akihiro/.rbenv/versions/2.1.3/lib/ruby/gems/2.1.0/gems/actionpack-4.2.5/lib/action_dispatch/middleware/templates/rescues/routing_error.html.erb within rescues/layout (18.8ms)
  Rendered /Users/akihiro/.rbenv/versions/2.1.3/lib/ruby/gems/2.1.0/gems/web-console-2.3.0/lib/web_console/templates/_markup.html.erb (0.3ms)
  Rendered /Users/akihiro/.rbenv/versions/2.1.3/lib/ruby/gems/2.1.0/gems/web-console-2.3.0/lib/web_console/templates/_inner_console_markup.html.erb within layouts/inlined_string (0.2ms)
  Rendered /Users/akihiro/.rbenv/versions/2.1.3/lib/ruby/gems/2.1.0/gems/web-console-2.3.0/lib/web_console/templates/_prompt_box_markup.html.erb within layouts/inlined_string (0.2ms)
  Rendered /Users/akihiro/.rbenv/versions/2.1.3/lib/ruby/gems/2.1.0/gems/web-console-2.3.0/lib/web_console/templates/style.css.erb within layouts/inlined_string (0.5ms)
  Rendered /Users/akihiro/.rbenv/versions/2.1.3/lib/ruby/gems/2.1.0/gems/web-console-2.3.0/lib/web_console/templates/console.js.erb within layouts/javascript (13.6ms)
  Rendered /Users/akihiro/.rbenv/versions/2.1.3/lib/ruby/gems/2.1.0/gems/web-console-2.3.0/lib/web_console/templates/main.js.erb within layouts/javascript (0.2ms)
  Rendered /Users/akihiro/.rbenv/versions/2.1.3/lib/ruby/gems/2.1.0/gems/web-console-2.3.0/lib/web_console/templates/error_page.js.erb within layouts/javascript (0.3ms)
  Rendered /Users/akihiro/.rbenv/versions/2.1.3/lib/ruby/gems/2.1.0/gems/web-console-2.3.0/lib/web_console/templates/index.html.erb (28.4ms)


Started GET "/direction/new" for ::1 at 2016-03-25 15:32:48 +0900
Processing by DirectionController#new as HTML
  Rendered direction/new.html.erb within layouts/application (7.6ms)
Completed 500 Internal Server Error in 11ms (ActiveRecord: 0.0ms)

ActionView::Template::Error (undefined local variable or method `notes_path' for #<#<Class:0x007faf141a33d8>:0x007faf14199c20>):
    1: <h1>出発地と行き先を入力する</h1>
    2: <%= form_tag notes_path do %>
    3: 
    4:   <input type="text" class="">
    5:   内容
  app/views/direction/new.html.erb:2:in `_app_views_direction_new_html_erb___4596048319297451457_70194966609980'


  Rendered /Users/akihiro/.rbenv/versions/2.1.3/lib/ruby/gems/2.1.0/gems/actionpack-4.2.5/lib/action_dispatch/middleware/templates/rescues/_source.erb (6.2ms)
  Rendered /Users/akihiro/.rbenv/versions/2.1.3/lib/ruby/gems/2.1.0/gems/actionpack-4.2.5/lib/action_dispatch/middleware/templates/rescues/_trace.html.erb (3.0ms)
  Rendered /Users/akihiro/.rbenv/versions/2.1.3/lib/ruby/gems/2.1.0/gems/actionpack-4.2.5/lib/action_dispatch/middleware/templates/rescues/_request_and_response.html.erb (1.1ms)
  Rendered /Users/akihiro/.rbenv/versions/2.1.3/lib/ruby/gems/2.1.0/gems/actionpack-4.2.5/lib/action_dispatch/middleware/templates/rescues/template_error.html.erb within rescues/layout (22.8ms)
  Rendered /Users/akihiro/.rbenv/versions/2.1.3/lib/ruby/gems/2.1.0/gems/web-console-2.3.0/lib/web_console/templates/_markup.html.erb (0.2ms)
  Rendered /Users/akihiro/.rbenv/versions/2.1.3/lib/ruby/gems/2.1.0/gems/web-console-2.3.0/lib/web_console/templates/_inner_console_markup.html.erb within layouts/inlined_string (0.2ms)
  Rendered /Users/akihiro/.rbenv/versions/2.1.3/lib/ruby/gems/2.1.0/gems/web-console-2.3.0/lib/web_console/templates/_prompt_box_markup.html.erb within layouts/inlined_string (0.2ms)
  Rendered /Users/akihiro/.rbenv/versions/2.1.3/lib/ruby/gems/2.1.0/gems/web-console-2.3.0/lib/web_console/templates/style.css.erb within layouts/inlined_string (0.2ms)
  Rendered /Users/akihiro/.rbenv/versions/2.1.3/lib/ruby/gems/2.1.0/gems/web-console-2.3.0/lib/web_console/templates/console.js.erb within layouts/javascript (12.7ms)
  Rendered /Users/akihiro/.rbenv/versions/2.1.3/lib/ruby/gems/2.1.0/gems/web-console-2.3.0/lib/web_console/templates/main.js.erb within layouts/javascript (0.2ms)
  Rendered /Users/akihiro/.rbenv/versions/2.1.3/lib/ruby/gems/2.1.0/gems/web-console-2.3.0/lib/web_console/templates/error_page.js.erb within layouts/javascript (0.3ms)
  Rendered /Users/akihiro/.rbenv/versions/2.1.3/lib/ruby/gems/2.1.0/gems/web-console-2.3.0/lib/web_console/templates/index.html.erb (25.9ms)


Started GET "/direction/new" for ::1 at 2016-03-25 15:35:50 +0900
Processing by DirectionController#new as HTML
  Rendered direction/new.html.erb within layouts/application (0.7ms)
Completed 200 OK in 1835ms (Views: 1834.8ms | ActiveRecord: 0.0ms)


Started GET "/assets/direction.self-e3b0c44298fc1c149afbf4c8996fb92427ae41e4649b934ca495991b7852b855.css?body=1" for ::1 at 2016-03-25 15:35:52 +0900


Started GET "/assets/application.self-e80e8f2318043e8af94dddc2adad5a4f09739a8ebb323b3ab31cd71d45fd9113.css?body=1" for ::1 at 2016-03-25 15:35:52 +0900


Started GET "/assets/turbolinks.self-c37727e9bd6b2735da5c311aa83fead54ed0be6cc8bd9a65309e9c5abe2cbfff.js?body=1" for ::1 at 2016-03-25 15:35:52 +0900


Started GET "/assets/jquery_ujs.self-e87806d0cf4489aeb1bb7288016024e8de67fd18db693fe026fe3907581e53cd.js?body=1" for ::1 at 2016-03-25 15:35:52 +0900


Started GET "/assets/jquery.self-660adc51e0224b731d29f575a6f1ec167ba08ad06ed5deca4f1e8654c135bf4c.js?body=1" for ::1 at 2016-03-25 15:35:52 +0900


Started GET "/assets/direction.self-877aef30ae1b040ab8a3aba4e3e309a11d7f2612f44dde450b5c157aa5f95c05.js?body=1" for ::1 at 2016-03-25 15:35:52 +0900


Started GET "/assets/application.self-3b8dabdc891efe46b9a144b400ad69e37d7e5876bdc39dee783419a69d7ca819.js?body=1" for ::1 at 2016-03-25 15:35:52 +0900


Started GET "/direction/new" for ::1 at 2016-03-25 15:36:53 +0900
Processing by DirectionController#new as HTML
  Rendered direction/new.html.erb within layouts/application (1.0ms)
Completed 200 OK in 11ms (Views: 10.5ms | ActiveRecord: 0.0ms)


Started GET "/assets/direction.self-e3b0c44298fc1c149afbf4c8996fb92427ae41e4649b934ca495991b7852b855.css?body=1" for ::1 at 2016-03-25 15:36:53 +0900


Started GET "/assets/application.self-e80e8f2318043e8af94dddc2adad5a4f09739a8ebb323b3ab31cd71d45fd9113.css?body=1" for ::1 at 2016-03-25 15:36:53 +0900


Started GET "/assets/jquery.self-660adc51e0224b731d29f575a6f1ec167ba08ad06ed5deca4f1e8654c135bf4c.js?body=1" for ::1 at 2016-03-25 15:36:53 +0900


Started GET "/assets/application.self-3b8dabdc891efe46b9a144b400ad69e37d7e5876bdc39dee783419a69d7ca819.js?body=1" for ::1 at 2016-03-25 15:36:53 +0900


Started GET "/assets/jquery_ujs.self-e87806d0cf4489aeb1bb7288016024e8de67fd18db693fe026fe3907581e53cd.js?body=1" for ::1 at 2016-03-25 15:36:53 +0900


Started GET "/assets/turbolinks.self-c37727e9bd6b2735da5c311aa83fead54ed0be6cc8bd9a65309e9c5abe2cbfff.js?body=1" for ::1 at 2016-03-25 15:36:53 +0900


Started GET "/assets/direction.self-877aef30ae1b040ab8a3aba4e3e309a11d7f2612f44dde450b5c157aa5f95c05.js?body=1" for ::1 at 2016-03-25 15:36:53 +0900


Started GET "/direction/new" for ::1 at 2016-03-25 15:43:21 +0900
Processing by DirectionController#new as HTML
  Rendered direction/new.html.erb within layouts/application (2.3ms)
Completed 200 OK in 218ms (Views: 207.4ms | ActiveRecord: 0.0ms)


Started GET "/assets/direction.self-e3b0c44298fc1c149afbf4c8996fb92427ae41e4649b934ca495991b7852b855.css?body=1" for ::1 at 2016-03-25 15:43:22 +0900


Started GET "/assets/application.self-e80e8f2318043e8af94dddc2adad5a4f09739a8ebb323b3ab31cd71d45fd9113.css?body=1" for ::1 at 2016-03-25 15:43:22 +0900


Started GET "/assets/jquery_ujs.self-e87806d0cf4489aeb1bb7288016024e8de67fd18db693fe026fe3907581e53cd.js?body=1" for ::1 at 2016-03-25 15:43:22 +0900


Started GET "/assets/application.self-3b8dabdc891efe46b9a144b400ad69e37d7e5876bdc39dee783419a69d7ca819.js?body=1" for ::1 at 2016-03-25 15:43:22 +0900


Started GET "/assets/turbolinks.self-c37727e9bd6b2735da5c311aa83fead54ed0be6cc8bd9a65309e9c5abe2cbfff.js?body=1" for ::1 at 2016-03-25 15:43:22 +0900


Started GET "/assets/jquery.self-660adc51e0224b731d29f575a6f1ec167ba08ad06ed5deca4f1e8654c135bf4c.js?body=1" for ::1 at 2016-03-25 15:43:22 +0900


Started GET "/assets/direction.self-877aef30ae1b040ab8a3aba4e3e309a11d7f2612f44dde450b5c157aa5f95c05.js?body=1" for ::1 at 2016-03-25 15:43:22 +0900


Started GET "/direction/new" for ::1 at 2016-03-25 15:43:37 +0900
Processing by DirectionController#new as HTML
  Rendered direction/new.html.erb within layouts/application (0.7ms)
Completed 200 OK in 16ms (Views: 14.9ms | ActiveRecord: 0.0ms)


Started GET "/assets/direction.self-e3b0c44298fc1c149afbf4c8996fb92427ae41e4649b934ca495991b7852b855.css?body=1" for ::1 at 2016-03-25 15:43:37 +0900


Started GET "/assets/jquery_ujs.self-e87806d0cf4489aeb1bb7288016024e8de67fd18db693fe026fe3907581e53cd.js?body=1" for ::1 at 2016-03-25 15:43:37 +0900


Started GET "/assets/application.self-e80e8f2318043e8af94dddc2adad5a4f09739a8ebb323b3ab31cd71d45fd9113.css?body=1" for ::1 at 2016-03-25 15:43:37 +0900


Started GET "/assets/jquery.self-660adc51e0224b731d29f575a6f1ec167ba08ad06ed5deca4f1e8654c135bf4c.js?body=1" for ::1 at 2016-03-25 15:43:37 +0900


Started GET "/assets/turbolinks.self-c37727e9bd6b2735da5c311aa83fead54ed0be6cc8bd9a65309e9c5abe2cbfff.js?body=1" for ::1 at 2016-03-25 15:43:37 +0900


Started GET "/assets/application.self-3b8dabdc891efe46b9a144b400ad69e37d7e5876bdc39dee783419a69d7ca819.js?body=1" for ::1 at 2016-03-25 15:43:37 +0900


Started GET "/assets/direction.self-877aef30ae1b040ab8a3aba4e3e309a11d7f2612f44dde450b5c157aa5f95c05.js?body=1" for ::1 at 2016-03-25 15:43:37 +0900


Started GET "/direction/new" for ::1 at 2016-03-25 15:44:02 +0900
Processing by DirectionController#new as HTML
  Rendered direction/new.html.erb within layouts/application (0.8ms)
Completed 200 OK in 11ms (Views: 10.5ms | ActiveRecord: 0.0ms)


Started GET "/assets/direction.self-e3b0c44298fc1c149afbf4c8996fb92427ae41e4649b934ca495991b7852b855.css?body=1" for ::1 at 2016-03-25 15:44:02 +0900


Started GET "/assets/turbolinks.self-c37727e9bd6b2735da5c311aa83fead54ed0be6cc8bd9a65309e9c5abe2cbfff.js?body=1" for ::1 at 2016-03-25 15:44:02 +0900


Started GET "/assets/jquery.self-660adc51e0224b731d29f575a6f1ec167ba08ad06ed5deca4f1e8654c135bf4c.js?body=1" for ::1 at 2016-03-25 15:44:02 +0900


Started GET "/assets/application.self-e80e8f2318043e8af94dddc2adad5a4f09739a8ebb323b3ab31cd71d45fd9113.css?body=1" for ::1 at 2016-03-25 15:44:02 +0900


Started GET "/assets/jquery_ujs.self-e87806d0cf4489aeb1bb7288016024e8de67fd18db693fe026fe3907581e53cd.js?body=1" for ::1 at 2016-03-25 15:44:02 +0900


Started GET "/assets/direction.self-877aef30ae1b040ab8a3aba4e3e309a11d7f2612f44dde450b5c157aa5f95c05.js?body=1" for ::1 at 2016-03-25 15:44:02 +0900


Started GET "/assets/application.self-3b8dabdc891efe46b9a144b400ad69e37d7e5876bdc39dee783419a69d7ca819.js?body=1" for ::1 at 2016-03-25 15:44:02 +0900


Started POST "/direction/show" for ::1 at 2016-03-25 15:44:12 +0900
Processing by DirectionController#show as HTML
  Parameters: {"utf8"=>"✓", "authenticity_token"=>"Gv6RKIp7Jph0EeUPOwrKwq+BcgOM+8ZjulEjq93vfQygxSHal5ZGPrclMt/BgEW5qzVj8wvN6pZDihoKCoEymg==", "dep"=>"東京", "arr"=>"北府中"}
Completed 500 Internal Server Error in 3ms (ActiveRecord: 0.0ms)

ActionView::MissingTemplate (Missing template direction/show, application/show with {:locale=>[:en], :formats=>[:html], :variants=>[], :handlers=>[:erb, :builder, :raw, :ruby, :coffee, :jbuilder]}. Searched in:
  * "/Users/akihiro/trip_suggester/app/views"
):
  actionview (4.2.5) lib/action_view/path_set.rb:46:in `find'
  actionview (4.2.5) lib/action_view/lookup_context.rb:121:in `find'
  actionview (4.2.5) lib/action_view/renderer/abstract_renderer.rb:18:in `find_template'
  actionview (4.2.5) lib/action_view/renderer/template_renderer.rb:40:in `determine_template'
  actionview (4.2.5) lib/action_view/renderer/template_renderer.rb:8:in `render'
  actionview (4.2.5) lib/action_view/renderer/renderer.rb:42:in `render_template'
  actionview (4.2.5) lib/action_view/renderer/renderer.rb:23:in `render'
  actionview (4.2.5) lib/action_view/rendering.rb:100:in `_render_template'
  actionpack (4.2.5) lib/action_controller/metal/streaming.rb:217:in `_render_template'
  actionview (4.2.5) lib/action_view/rendering.rb:83:in `render_to_body'
  actionpack (4.2.5) lib/action_controller/metal/rendering.rb:32:in `render_to_body'
  actionpack (4.2.5) lib/action_controller/metal/renderers.rb:37:in `render_to_body'
  actionpack (4.2.5) lib/abstract_controller/rendering.rb:25:in `render'
  actionpack (4.2.5) lib/action_controller/metal/rendering.rb:16:in `render'
  actionpack (4.2.5) lib/action_controller/metal/instrumentation.rb:44:in `block (2 levels) in render'
  activesupport (4.2.5) lib/active_support/core_ext/benchmark.rb:12:in `block in ms'
  /Users/akihiro/.rbenv/versions/2.1.3/lib/ruby/2.1.0/benchmark.rb:294:in `realtime'
  activesupport (4.2.5) lib/active_support/core_ext/benchmark.rb:12:in `ms'
  actionpack (4.2.5) lib/action_controller/metal/instrumentation.rb:44:in `block in render'
  actionpack (4.2.5) lib/action_controller/metal/instrumentation.rb:87:in `cleanup_view_runtime'
  activerecord (4.2.5) lib/active_record/railties/controller_runtime.rb:25:in `cleanup_view_runtime'
  actionpack (4.2.5) lib/action_controller/metal/instrumentation.rb:43:in `render'
  actionpack (4.2.5) lib/action_controller/metal/implicit_render.rb:10:in `default_render'
  actionpack (4.2.5) lib/action_controller/metal/implicit_render.rb:5:in `send_action'
  actionpack (4.2.5) lib/abstract_controller/base.rb:198:in `process_action'
  actionpack (4.2.5) lib/action_controller/metal/rendering.rb:10:in `process_action'
  actionpack (4.2.5) lib/abstract_controller/callbacks.rb:20:in `block in process_action'
  activesupport (4.2.5) lib/active_support/callbacks.rb:117:in `call'
  activesupport (4.2.5) lib/active_support/callbacks.rb:117:in `call'
  activesupport (4.2.5) lib/active_support/callbacks.rb:555:in `block (2 levels) in compile'
  activesupport (4.2.5) lib/active_support/callbacks.rb:505:in `call'
  activesupport (4.2.5) lib/active_support/callbacks.rb:505:in `call'
  activesupport (4.2.5) lib/active_support/callbacks.rb:92:in `__run_callbacks__'
  activesupport (4.2.5) lib/active_support/callbacks.rb:778:in `_run_process_action_callbacks'
  activesupport (4.2.5) lib/active_support/callbacks.rb:81:in `run_callbacks'
  actionpack (4.2.5) lib/abstract_controller/callbacks.rb:19:in `process_action'
  actionpack (4.2.5) lib/action_controller/metal/rescue.rb:29:in `process_action'
  actionpack (4.2.5) lib/action_controller/metal/instrumentation.rb:32:in `block in process_action'
  activesupport (4.2.5) lib/active_support/notifications.rb:164:in `block in instrument'
  activesupport (4.2.5) lib/active_support/notifications/instrumenter.rb:20:in `instrument'
  activesupport (4.2.5) lib/active_support/notifications.rb:164:in `instrument'
  actionpack (4.2.5) lib/action_controller/metal/instrumentation.rb:30:in `process_action'
  actionpack (4.2.5) lib/action_controller/metal/params_wrapper.rb:250:in `process_action'
  activerecord (4.2.5) lib/active_record/railties/controller_runtime.rb:18:in `process_action'
  actionpack (4.2.5) lib/abstract_controller/base.rb:137:in `process'
  actionview (4.2.5) lib/action_view/rendering.rb:30:in `process'
  actionpack (4.2.5) lib/action_controller/metal.rb:196:in `dispatch'
  actionpack (4.2.5) lib/action_controller/metal/rack_delegation.rb:13:in `dispatch'
  actionpack (4.2.5) lib/action_controller/metal.rb:237:in `block in action'
  actionpack (4.2.5) lib/action_dispatch/routing/route_set.rb:76:in `call'
  actionpack (4.2.5) lib/action_dispatch/routing/route_set.rb:76:in `dispatch'
  actionpack (4.2.5) lib/action_dispatch/routing/route_set.rb:45:in `serve'
  actionpack (4.2.5) lib/action_dispatch/journey/router.rb:43:in `block in serve'
  actionpack (4.2.5) lib/action_dispatch/journey/router.rb:30:in `each'
  actionpack (4.2.5) lib/action_dispatch/journey/router.rb:30:in `serve'
  actionpack (4.2.5) lib/action_dispatch/routing/route_set.rb:817:in `call'
  rack (1.6.4) lib/rack/etag.rb:24:in `call'
  rack (1.6.4) lib/rack/conditionalget.rb:38:in `call'
  rack (1.6.4) lib/rack/head.rb:13:in `call'
  actionpack (4.2.5) lib/action_dispatch/middleware/params_parser.rb:27:in `call'
  actionpack (4.2.5) lib/action_dispatch/middleware/flash.rb:260:in `call'
  rack (1.6.4) lib/rack/session/abstract/id.rb:225:in `context'
  rack (1.6.4) lib/rack/session/abstract/id.rb:220:in `call'
  actionpack (4.2.5) lib/action_dispatch/middleware/cookies.rb:560:in `call'
  activerecord (4.2.5) lib/active_record/query_cache.rb:36:in `call'
  activerecord (4.2.5) lib/active_record/connection_adapters/abstract/connection_pool.rb:653:in `call'
  activerecord (4.2.5) lib/active_record/migration.rb:377:in `call'
  actionpack (4.2.5) lib/action_dispatch/middleware/callbacks.rb:29:in `block in call'
  activesupport (4.2.5) lib/active_support/callbacks.rb:88:in `__run_callbacks__'
  activesupport (4.2.5) lib/active_support/callbacks.rb:778:in `_run_call_callbacks'
  activesupport (4.2.5) lib/active_support/callbacks.rb:81:in `run_callbacks'
  actionpack (4.2.5) lib/action_dispatch/middleware/callbacks.rb:27:in `call'
  actionpack (4.2.5) lib/action_dispatch/middleware/reloader.rb:73:in `call'
  actionpack (4.2.5) lib/action_dispatch/middleware/remote_ip.rb:78:in `call'
  actionpack (4.2.5) lib/action_dispatch/middleware/debug_exceptions.rb:17:in `call'
  web-console (2.3.0) lib/web_console/middleware.rb:28:in `block in call'
  web-console (2.3.0) lib/web_console/middleware.rb:18:in `catch'
  web-console (2.3.0) lib/web_console/middleware.rb:18:in `call'
  actionpack (4.2.5) lib/action_dispatch/middleware/show_exceptions.rb:30:in `call'
  railties (4.2.5) lib/rails/rack/logger.rb:38:in `call_app'
  railties (4.2.5) lib/rails/rack/logger.rb:20:in `block in call'
  activesupport (4.2.5) lib/active_support/tagged_logging.rb:68:in `block in tagged'
  activesupport (4.2.5) lib/active_support/tagged_logging.rb:26:in `tagged'
  activesupport (4.2.5) lib/active_support/tagged_logging.rb:68:in `tagged'
  railties (4.2.5) lib/rails/rack/logger.rb:20:in `call'
  actionpack (4.2.5) lib/action_dispatch/middleware/request_id.rb:21:in `call'
  rack (1.6.4) lib/rack/methodoverride.rb:22:in `call'
  rack (1.6.4) lib/rack/runtime.rb:18:in `call'
  activesupport (4.2.5) lib/active_support/cache/strategy/local_cache_middleware.rb:28:in `call'
  rack (1.6.4) lib/rack/lock.rb:17:in `call'
  actionpack (4.2.5) lib/action_dispatch/middleware/static.rb:116:in `call'
  rack (1.6.4) lib/rack/sendfile.rb:113:in `call'
  railties (4.2.5) lib/rails/engine.rb:518:in `call'
  railties (4.2.5) lib/rails/application.rb:165:in `call'
  rack (1.6.4) lib/rack/lock.rb:17:in `call'
  rack (1.6.4) lib/rack/content_length.rb:15:in `call'
  rack (1.6.4) lib/rack/handler/webrick.rb:88:in `service'
  /Users/akihiro/.rbenv/versions/2.1.3/lib/ruby/2.1.0/webrick/httpserver.rb:138:in `service'
  /Users/akihiro/.rbenv/versions/2.1.3/lib/ruby/2.1.0/webrick/httpserver.rb:94:in `run'
  /Users/akihiro/.rbenv/versions/2.1.3/lib/ruby/2.1.0/webrick/server.rb:295:in `block in start_thread'


  Rendered /Users/akihiro/.rbenv/versions/2.1.3/lib/ruby/gems/2.1.0/gems/actionpack-4.2.5/lib/action_dispatch/middleware/templates/rescues/_source.erb (4.1ms)
  Rendered /Users/akihiro/.rbenv/versions/2.1.3/lib/ruby/gems/2.1.0/gems/actionpack-4.2.5/lib/action_dispatch/middleware/templates/rescues/_trace.html.erb (1.8ms)
  Rendered /Users/akihiro/.rbenv/versions/2.1.3/lib/ruby/gems/2.1.0/gems/actionpack-4.2.5/lib/action_dispatch/middleware/templates/rescues/_request_and_response.html.erb (0.7ms)
  Rendered /Users/akihiro/.rbenv/versions/2.1.3/lib/ruby/gems/2.1.0/gems/actionpack-4.2.5/lib/action_dispatch/middleware/templates/rescues/missing_template.html.erb within rescues/layout (16.2ms)
  Rendered /Users/akihiro/.rbenv/versions/2.1.3/lib/ruby/gems/2.1.0/gems/web-console-2.3.0/lib/web_console/templates/_markup.html.erb (0.3ms)
  Rendered /Users/akihiro/.rbenv/versions/2.1.3/lib/ruby/gems/2.1.0/gems/web-console-2.3.0/lib/web_console/templates/_inner_console_markup.html.erb within layouts/inlined_string (0.2ms)
  Rendered /Users/akihiro/.rbenv/versions/2.1.3/lib/ruby/gems/2.1.0/gems/web-console-2.3.0/lib/web_console/templates/_prompt_box_markup.html.erb within layouts/inlined_string (0.2ms)
  Rendered /Users/akihiro/.rbenv/versions/2.1.3/lib/ruby/gems/2.1.0/gems/web-console-2.3.0/lib/web_console/templates/style.css.erb within layouts/inlined_string (2.4ms)
  Rendered /Users/akihiro/.rbenv/versions/2.1.3/lib/ruby/gems/2.1.0/gems/web-console-2.3.0/lib/web_console/templates/console.js.erb within layouts/javascript (26.6ms)
  Rendered /Users/akihiro/.rbenv/versions/2.1.3/lib/ruby/gems/2.1.0/gems/web-console-2.3.0/lib/web_console/templates/main.js.erb within layouts/javascript (0.3ms)
  Rendered /Users/akihiro/.rbenv/versions/2.1.3/lib/ruby/gems/2.1.0/gems/web-console-2.3.0/lib/web_console/templates/error_page.js.erb within layouts/javascript (0.2ms)
  Rendered /Users/akihiro/.rbenv/versions/2.1.3/lib/ruby/gems/2.1.0/gems/web-console-2.3.0/lib/web_console/templates/index.html.erb (46.5ms)


Started GET "/direction/new" for ::1 at 2016-03-25 15:47:47 +0900
Processing by DirectionController#new as HTML
  Rendered direction/new.html.erb within layouts/application (0.6ms)
Completed 200 OK in 12ms (Views: 12.0ms | ActiveRecord: 0.0ms)


Started POST "/direction/show" for ::1 at 2016-03-25 15:47:52 +0900
Processing by DirectionController#show as HTML
  Parameters: {"utf8"=>"✓", "authenticity_token"=>"kQM8gnidiHqhpGXhjb3JK5qiDjZbqwNU9QtKyl4QLyUrOIxwZXDo3GKQsjF3N0ZQnhYfxtydL6EM0HNriX5gsw==", "dep"=>"東京", "arr"=>"府中"}
  Rendered direction/show.html.erb within layouts/application (1.4ms)
Completed 500 Internal Server Error in 4ms (ActiveRecord: 0.0ms)

SyntaxError (/Users/akihiro/trip_suggester/app/views/direction/show.html.erb:1: syntax error, unexpected '<'
...er.new;@output_buffer.append=(<h1> @depと@arrへの経路...
...                               ^
/Users/akihiro/trip_suggester/app/views/direction/show.html.erb:1: syntax error, unexpected tIVAR, expecting ')'
...depと@arrへの経路と費用</h1>);@output_buffer.to_s
...                               ^
/Users/akihiro/trip_suggester/app/views/direction/show.html.erb:1: unterminated regexp meets end of file
/Users/akihiro/trip_suggester/app/views/direction/show.html.erb:1: syntax error, unexpected end-of-input, expecting ')'):
  app/views/direction/show.html.erb:1: syntax error, unexpected '<'
  app/views/direction/show.html.erb:1: syntax error, unexpected tIVAR, expecting ')'
  app/views/direction/show.html.erb:1: unterminated regexp meets end of file
  app/views/direction/show.html.erb:1: syntax error, unexpected end-of-input, expecting ')'


  Rendered /Users/akihiro/.rbenv/versions/2.1.3/lib/ruby/gems/2.1.0/gems/actionpack-4.2.5/lib/action_dispatch/middleware/templates/rescues/_source.erb (4.5ms)
  Rendered /Users/akihiro/.rbenv/versions/2.1.3/lib/ruby/gems/2.1.0/gems/actionpack-4.2.5/lib/action_dispatch/middleware/templates/rescues/_trace.html.erb (2.3ms)
  Rendered /Users/akihiro/.rbenv/versions/2.1.3/lib/ruby/gems/2.1.0/gems/actionpack-4.2.5/lib/action_dispatch/middleware/templates/rescues/_request_and_response.html.erb (0.7ms)
  Rendered /Users/akihiro/.rbenv/versions/2.1.3/lib/ruby/gems/2.1.0/gems/actionpack-4.2.5/lib/action_dispatch/middleware/templates/rescues/diagnostics.html.erb within rescues/layout (19.0ms)
  Rendered /Users/akihiro/.rbenv/versions/2.1.3/lib/ruby/gems/2.1.0/gems/web-console-2.3.0/lib/web_console/templates/_markup.html.erb (0.3ms)
  Rendered /Users/akihiro/.rbenv/versions/2.1.3/lib/ruby/gems/2.1.0/gems/web-console-2.3.0/lib/web_console/templates/_inner_console_markup.html.erb within layouts/inlined_string (0.2ms)
  Rendered /Users/akihiro/.rbenv/versions/2.1.3/lib/ruby/gems/2.1.0/gems/web-console-2.3.0/lib/web_console/templates/_prompt_box_markup.html.erb within layouts/inlined_string (0.2ms)
  Rendered /Users/akihiro/.rbenv/versions/2.1.3/lib/ruby/gems/2.1.0/gems/web-console-2.3.0/lib/web_console/templates/style.css.erb within layouts/inlined_string (0.3ms)
  Rendered /Users/akihiro/.rbenv/versions/2.1.3/lib/ruby/gems/2.1.0/gems/web-console-2.3.0/lib/web_console/templates/console.js.erb within layouts/javascript (15.8ms)
  Rendered /Users/akihiro/.rbenv/versions/2.1.3/lib/ruby/gems/2.1.0/gems/web-console-2.3.0/lib/web_console/templates/main.js.erb within layouts/javascript (0.2ms)
  Rendered /Users/akihiro/.rbenv/versions/2.1.3/lib/ruby/gems/2.1.0/gems/web-console-2.3.0/lib/web_console/templates/error_page.js.erb within layouts/javascript (0.2ms)
  Rendered /Users/akihiro/.rbenv/versions/2.1.3/lib/ruby/gems/2.1.0/gems/web-console-2.3.0/lib/web_console/templates/index.html.erb (33.6ms)


Started POST "/direction/show" for ::1 at 2016-03-25 15:48:23 +0900
Processing by DirectionController#show as HTML
  Parameters: {"utf8"=>"✓", "authenticity_token"=>"Gv6RKIp7Jph0EeUPOwrKwq+BcgOM+8ZjulEjq93vfQygxSHal5ZGPrclMt/BgEW5qzVj8wvN6pZDihoKCoEymg==", "dep"=>"東京", "arr"=>"北府中"}
  Rendered direction/show.html.erb within layouts/application (0.3ms)
Completed 200 OK in 9ms (Views: 8.7ms | ActiveRecord: 0.0ms)


Started POST "/direction/show" for ::1 at 2016-03-25 15:48:41 +0900
Processing by DirectionController#show as HTML
  Parameters: {"utf8"=>"✓", "authenticity_token"=>"kQM8gnidiHqhpGXhjb3JK5qiDjZbqwNU9QtKyl4QLyUrOIxwZXDo3GKQsjF3N0ZQnhYfxtydL6EM0HNriX5gsw==", "dep"=>"東京", "arr"=>"府中"}
  Rendered direction/show.html.erb within layouts/application (1.1ms)
Completed 500 Internal Server Error in 4ms (ActiveRecord: 0.0ms)

SyntaxError (/Users/akihiro/trip_suggester/app/views/direction/show.html.erb:1: syntax error, unexpected tIVAR, expecting ')'
...depと@arrへの経路と費用);@output_buffer.safe_append=...
...                               ^):
  app/views/direction/show.html.erb:1: syntax error, unexpected tIVAR, expecting ')'


  Rendered /Users/akihiro/.rbenv/versions/2.1.3/lib/ruby/gems/2.1.0/gems/actionpack-4.2.5/lib/action_dispatch/middleware/templates/rescues/_source.erb (4.6ms)
  Rendered /Users/akihiro/.rbenv/versions/2.1.3/lib/ruby/gems/2.1.0/gems/actionpack-4.2.5/lib/action_dispatch/middleware/templates/rescues/_trace.html.erb (2.1ms)
  Rendered /Users/akihiro/.rbenv/versions/2.1.3/lib/ruby/gems/2.1.0/gems/actionpack-4.2.5/lib/action_dispatch/middleware/templates/rescues/_request_and_response.html.erb (0.7ms)
  Rendered /Users/akihiro/.rbenv/versions/2.1.3/lib/ruby/gems/2.1.0/gems/actionpack-4.2.5/lib/action_dispatch/middleware/templates/rescues/diagnostics.html.erb within rescues/layout (17.2ms)
  Rendered /Users/akihiro/.rbenv/versions/2.1.3/lib/ruby/gems/2.1.0/gems/web-console-2.3.0/lib/web_console/templates/_markup.html.erb (0.2ms)
  Rendered /Users/akihiro/.rbenv/versions/2.1.3/lib/ruby/gems/2.1.0/gems/web-console-2.3.0/lib/web_console/templates/_inner_console_markup.html.erb within layouts/inlined_string (0.2ms)
  Rendered /Users/akihiro/.rbenv/versions/2.1.3/lib/ruby/gems/2.1.0/gems/web-console-2.3.0/lib/web_console/templates/_prompt_box_markup.html.erb within layouts/inlined_string (0.2ms)
  Rendered /Users/akihiro/.rbenv/versions/2.1.3/lib/ruby/gems/2.1.0/gems/web-console-2.3.0/lib/web_console/templates/style.css.erb within layouts/inlined_string (0.2ms)
  Rendered /Users/akihiro/.rbenv/versions/2.1.3/lib/ruby/gems/2.1.0/gems/web-console-2.3.0/lib/web_console/templates/console.js.erb within layouts/javascript (11.7ms)
  Rendered /Users/akihiro/.rbenv/versions/2.1.3/lib/ruby/gems/2.1.0/gems/web-console-2.3.0/lib/web_console/templates/main.js.erb within layouts/javascript (0.4ms)
  Rendered /Users/akihiro/.rbenv/versions/2.1.3/lib/ruby/gems/2.1.0/gems/web-console-2.3.0/lib/web_console/templates/error_page.js.erb within layouts/javascript (0.3ms)
  Rendered /Users/akihiro/.rbenv/versions/2.1.3/lib/ruby/gems/2.1.0/gems/web-console-2.3.0/lib/web_console/templates/index.html.erb (26.5ms)


Started POST "/direction/show" for ::1 at 2016-03-25 15:50:38 +0900
Processing by DirectionController#show as HTML
  Parameters: {"utf8"=>"✓", "authenticity_token"=>"Gv6RKIp7Jph0EeUPOwrKwq+BcgOM+8ZjulEjq93vfQygxSHal5ZGPrclMt/BgEW5qzVj8wvN6pZDihoKCoEymg==", "dep"=>"東京", "arr"=>"北府中"}
  Rendered direction/show.html.erb within layouts/application (1.0ms)
Completed 500 Internal Server Error in 4ms (ActiveRecord: 0.0ms)

SyntaxError (/Users/akihiro/trip_suggester/app/views/direction/show.html.erb:1: syntax error, unexpected tIVAR, expecting ')'
...depと@arrへの経路と費用);@output_buffer.safe_append=...
...                               ^):
  app/views/direction/show.html.erb:1: syntax error, unexpected tIVAR, expecting ')'


  Rendered /Users/akihiro/.rbenv/versions/2.1.3/lib/ruby/gems/2.1.0/gems/actionpack-4.2.5/lib/action_dispatch/middleware/templates/rescues/_source.erb (5.2ms)
  Rendered /Users/akihiro/.rbenv/versions/2.1.3/lib/ruby/gems/2.1.0/gems/actionpack-4.2.5/lib/action_dispatch/middleware/templates/rescues/_trace.html.erb (2.3ms)
  Rendered /Users/akihiro/.rbenv/versions/2.1.3/lib/ruby/gems/2.1.0/gems/actionpack-4.2.5/lib/action_dispatch/middleware/templates/rescues/_request_and_response.html.erb (0.8ms)
  Rendered /Users/akihiro/.rbenv/versions/2.1.3/lib/ruby/gems/2.1.0/gems/actionpack-4.2.5/lib/action_dispatch/middleware/templates/rescues/diagnostics.html.erb within rescues/layout (18.2ms)
  Rendered /Users/akihiro/.rbenv/versions/2.1.3/lib/ruby/gems/2.1.0/gems/web-console-2.3.0/lib/web_console/templates/_markup.html.erb (0.3ms)
  Rendered /Users/akihiro/.rbenv/versions/2.1.3/lib/ruby/gems/2.1.0/gems/web-console-2.3.0/lib/web_console/templates/_inner_console_markup.html.erb within layouts/inlined_string (0.3ms)
  Rendered /Users/akihiro/.rbenv/versions/2.1.3/lib/ruby/gems/2.1.0/gems/web-console-2.3.0/lib/web_console/templates/_prompt_box_markup.html.erb within layouts/inlined_string (0.2ms)
  Rendered /Users/akihiro/.rbenv/versions/2.1.3/lib/ruby/gems/2.1.0/gems/web-console-2.3.0/lib/web_console/templates/style.css.erb within layouts/inlined_string (0.2ms)
  Rendered /Users/akihiro/.rbenv/versions/2.1.3/lib/ruby/gems/2.1.0/gems/web-console-2.3.0/lib/web_console/templates/console.js.erb within layouts/javascript (12.4ms)
  Rendered /Users/akihiro/.rbenv/versions/2.1.3/lib/ruby/gems/2.1.0/gems/web-console-2.3.0/lib/web_console/templates/main.js.erb within layouts/javascript (0.5ms)
  Rendered /Users/akihiro/.rbenv/versions/2.1.3/lib/ruby/gems/2.1.0/gems/web-console-2.3.0/lib/web_console/templates/error_page.js.erb within layouts/javascript (0.4ms)
  Rendered /Users/akihiro/.rbenv/versions/2.1.3/lib/ruby/gems/2.1.0/gems/web-console-2.3.0/lib/web_console/templates/index.html.erb (27.3ms)


Started POST "/direction/show" for ::1 at 2016-03-25 15:53:02 +0900
Processing by DirectionController#show as HTML
  Parameters: {"utf8"=>"✓", "authenticity_token"=>"kQM8gnidiHqhpGXhjb3JK5qiDjZbqwNU9QtKyl4QLyUrOIxwZXDo3GKQsjF3N0ZQnhYfxtydL6EM0HNriX5gsw==", "dep"=>"東京", "arr"=>"府中"}
  Rendered direction/show.html.erb within layouts/application (0.4ms)
Completed 200 OK in 14ms (Views: 13.0ms | ActiveRecord: 0.0ms)


Started POST "/direction/show" for ::1 at 2016-03-25 15:53:22 +0900
Processing by DirectionController#show as HTML
  Parameters: {"utf8"=>"✓", "authenticity_token"=>"Gv6RKIp7Jph0EeUPOwrKwq+BcgOM+8ZjulEjq93vfQygxSHal5ZGPrclMt/BgEW5qzVj8wvN6pZDihoKCoEymg==", "dep"=>"東京", "arr"=>"北府中"}
  Rendered direction/show.html.erb within layouts/application (0.4ms)
Completed 200 OK in 12ms (Views: 11.9ms | ActiveRecord: 0.0ms)


Started GET "/direction/show" for ::1 at 2016-03-25 15:59:13 +0900

ActionController::RoutingError (No route matches [GET] "/direction/show"):
  actionpack (4.2.5) lib/action_dispatch/middleware/debug_exceptions.rb:21:in `call'
  web-console (2.3.0) lib/web_console/middleware.rb:28:in `block in call'
  web-console (2.3.0) lib/web_console/middleware.rb:18:in `catch'
  web-console (2.3.0) lib/web_console/middleware.rb:18:in `call'
  actionpack (4.2.5) lib/action_dispatch/middleware/show_exceptions.rb:30:in `call'
  railties (4.2.5) lib/rails/rack/logger.rb:38:in `call_app'
  railties (4.2.5) lib/rails/rack/logger.rb:20:in `block in call'
  activesupport (4.2.5) lib/active_support/tagged_logging.rb:68:in `block in tagged'
  activesupport (4.2.5) lib/active_support/tagged_logging.rb:26:in `tagged'
  activesupport (4.2.5) lib/active_support/tagged_logging.rb:68:in `tagged'
  railties (4.2.5) lib/rails/rack/logger.rb:20:in `call'
  actionpack (4.2.5) lib/action_dispatch/middleware/request_id.rb:21:in `call'
  rack (1.6.4) lib/rack/methodoverride.rb:22:in `call'
  rack (1.6.4) lib/rack/runtime.rb:18:in `call'
  activesupport (4.2.5) lib/active_support/cache/strategy/local_cache_middleware.rb:28:in `call'
  rack (1.6.4) lib/rack/lock.rb:17:in `call'
  actionpack (4.2.5) lib/action_dispatch/middleware/static.rb:116:in `call'
  rack (1.6.4) lib/rack/sendfile.rb:113:in `call'
  railties (4.2.5) lib/rails/engine.rb:518:in `call'
  railties (4.2.5) lib/rails/application.rb:165:in `call'
  rack (1.6.4) lib/rack/lock.rb:17:in `call'
  rack (1.6.4) lib/rack/content_length.rb:15:in `call'
  rack (1.6.4) lib/rack/handler/webrick.rb:88:in `service'
  /Users/akihiro/.rbenv/versions/2.1.3/lib/ruby/2.1.0/webrick/httpserver.rb:138:in `service'
  /Users/akihiro/.rbenv/versions/2.1.3/lib/ruby/2.1.0/webrick/httpserver.rb:94:in `run'
  /Users/akihiro/.rbenv/versions/2.1.3/lib/ruby/2.1.0/webrick/server.rb:295:in `block in start_thread'


  Rendered /Users/akihiro/.rbenv/versions/2.1.3/lib/ruby/gems/2.1.0/gems/actionpack-4.2.5/lib/action_dispatch/middleware/templates/rescues/_trace.html.erb (1.3ms)
  Rendered /Users/akihiro/.rbenv/versions/2.1.3/lib/ruby/gems/2.1.0/gems/actionpack-4.2.5/lib/action_dispatch/middleware/templates/routes/_route.html.erb (0.6ms)
  Rendered /Users/akihiro/.rbenv/versions/2.1.3/lib/ruby/gems/2.1.0/gems/actionpack-4.2.5/lib/action_dispatch/middleware/templates/routes/_table.html.erb (6.2ms)
  Rendered /Users/akihiro/.rbenv/versions/2.1.3/lib/ruby/gems/2.1.0/gems/actionpack-4.2.5/lib/action_dispatch/middleware/templates/rescues/_request_and_response.html.erb (7.5ms)
  Rendered /Users/akihiro/.rbenv/versions/2.1.3/lib/ruby/gems/2.1.0/gems/actionpack-4.2.5/lib/action_dispatch/middleware/templates/rescues/routing_error.html.erb within rescues/layout (39.0ms)
  Rendered /Users/akihiro/.rbenv/versions/2.1.3/lib/ruby/gems/2.1.0/gems/web-console-2.3.0/lib/web_console/templates/_markup.html.erb (0.3ms)
  Rendered /Users/akihiro/.rbenv/versions/2.1.3/lib/ruby/gems/2.1.0/gems/web-console-2.3.0/lib/web_console/templates/_inner_console_markup.html.erb within layouts/inlined_string (0.2ms)
  Rendered /Users/akihiro/.rbenv/versions/2.1.3/lib/ruby/gems/2.1.0/gems/web-console-2.3.0/lib/web_console/templates/_prompt_box_markup.html.erb within layouts/inlined_string (0.3ms)
  Rendered /Users/akihiro/.rbenv/versions/2.1.3/lib/ruby/gems/2.1.0/gems/web-console-2.3.0/lib/web_console/templates/style.css.erb within layouts/inlined_string (0.3ms)
  Rendered /Users/akihiro/.rbenv/versions/2.1.3/lib/ruby/gems/2.1.0/gems/web-console-2.3.0/lib/web_console/templates/console.js.erb within layouts/javascript (18.1ms)
  Rendered /Users/akihiro/.rbenv/versions/2.1.3/lib/ruby/gems/2.1.0/gems/web-console-2.3.0/lib/web_console/templates/main.js.erb within layouts/javascript (0.3ms)
  Rendered /Users/akihiro/.rbenv/versions/2.1.3/lib/ruby/gems/2.1.0/gems/web-console-2.3.0/lib/web_console/templates/error_page.js.erb within layouts/javascript (0.3ms)
  Rendered /Users/akihiro/.rbenv/versions/2.1.3/lib/ruby/gems/2.1.0/gems/web-console-2.3.0/lib/web_console/templates/index.html.erb (36.6ms)


Started GET "/direction/show" for ::1 at 2016-03-25 15:59:20 +0900

ActionController::RoutingError (No route matches [GET] "/direction/show"):
  actionpack (4.2.5) lib/action_dispatch/middleware/debug_exceptions.rb:21:in `call'
  web-console (2.3.0) lib/web_console/middleware.rb:28:in `block in call'
  web-console (2.3.0) lib/web_console/middleware.rb:18:in `catch'
  web-console (2.3.0) lib/web_console/middleware.rb:18:in `call'
  actionpack (4.2.5) lib/action_dispatch/middleware/show_exceptions.rb:30:in `call'
  railties (4.2.5) lib/rails/rack/logger.rb:38:in `call_app'
  railties (4.2.5) lib/rails/rack/logger.rb:20:in `block in call'
  activesupport (4.2.5) lib/active_support/tagged_logging.rb:68:in `block in tagged'
  activesupport (4.2.5) lib/active_support/tagged_logging.rb:26:in `tagged'
  activesupport (4.2.5) lib/active_support/tagged_logging.rb:68:in `tagged'
  railties (4.2.5) lib/rails/rack/logger.rb:20:in `call'
  actionpack (4.2.5) lib/action_dispatch/middleware/request_id.rb:21:in `call'
  rack (1.6.4) lib/rack/methodoverride.rb:22:in `call'
  rack (1.6.4) lib/rack/runtime.rb:18:in `call'
  activesupport (4.2.5) lib/active_support/cache/strategy/local_cache_middleware.rb:28:in `call'
  rack (1.6.4) lib/rack/lock.rb:17:in `call'
  actionpack (4.2.5) lib/action_dispatch/middleware/static.rb:116:in `call'
  rack (1.6.4) lib/rack/sendfile.rb:113:in `call'
  railties (4.2.5) lib/rails/engine.rb:518:in `call'
  railties (4.2.5) lib/rails/application.rb:165:in `call'
  rack (1.6.4) lib/rack/lock.rb:17:in `call'
  rack (1.6.4) lib/rack/content_length.rb:15:in `call'
  rack (1.6.4) lib/rack/handler/webrick.rb:88:in `service'
  /Users/akihiro/.rbenv/versions/2.1.3/lib/ruby/2.1.0/webrick/httpserver.rb:138:in `service'
  /Users/akihiro/.rbenv/versions/2.1.3/lib/ruby/2.1.0/webrick/httpserver.rb:94:in `run'
  /Users/akihiro/.rbenv/versions/2.1.3/lib/ruby/2.1.0/webrick/server.rb:295:in `block in start_thread'


  Rendered /Users/akihiro/.rbenv/versions/2.1.3/lib/ruby/gems/2.1.0/gems/actionpack-4.2.5/lib/action_dispatch/middleware/templates/rescues/_trace.html.erb (1.2ms)
  Rendered /Users/akihiro/.rbenv/versions/2.1.3/lib/ruby/gems/2.1.0/gems/actionpack-4.2.5/lib/action_dispatch/middleware/templates/routes/_route.html.erb (0.5ms)
  Rendered /Users/akihiro/.rbenv/versions/2.1.3/lib/ruby/gems/2.1.0/gems/actionpack-4.2.5/lib/action_dispatch/middleware/templates/routes/_table.html.erb (0.9ms)
  Rendered /Users/akihiro/.rbenv/versions/2.1.3/lib/ruby/gems/2.1.0/gems/actionpack-4.2.5/lib/action_dispatch/middleware/templates/rescues/_request_and_response.html.erb (0.8ms)
  Rendered /Users/akihiro/.rbenv/versions/2.1.3/lib/ruby/gems/2.1.0/gems/actionpack-4.2.5/lib/action_dispatch/middleware/templates/rescues/routing_error.html.erb within rescues/layout (18.3ms)
  Rendered /Users/akihiro/.rbenv/versions/2.1.3/lib/ruby/gems/2.1.0/gems/web-console-2.3.0/lib/web_console/templates/_markup.html.erb (0.4ms)
  Rendered /Users/akihiro/.rbenv/versions/2.1.3/lib/ruby/gems/2.1.0/gems/web-console-2.3.0/lib/web_console/templates/_inner_console_markup.html.erb within layouts/inlined_string (0.2ms)
  Rendered /Users/akihiro/.rbenv/versions/2.1.3/lib/ruby/gems/2.1.0/gems/web-console-2.3.0/lib/web_console/templates/_prompt_box_markup.html.erb within layouts/inlined_string (0.2ms)
  Rendered /Users/akihiro/.rbenv/versions/2.1.3/lib/ruby/gems/2.1.0/gems/web-console-2.3.0/lib/web_console/templates/style.css.erb within layouts/inlined_string (0.2ms)
  Rendered /Users/akihiro/.rbenv/versions/2.1.3/lib/ruby/gems/2.1.0/gems/web-console-2.3.0/lib/web_console/templates/console.js.erb within layouts/javascript (12.3ms)
  Rendered /Users/akihiro/.rbenv/versions/2.1.3/lib/ruby/gems/2.1.0/gems/web-console-2.3.0/lib/web_console/templates/main.js.erb within layouts/javascript (0.2ms)
  Rendered /Users/akihiro/.rbenv/versions/2.1.3/lib/ruby/gems/2.1.0/gems/web-console-2.3.0/lib/web_console/templates/error_page.js.erb within layouts/javascript (0.2ms)
  Rendered /Users/akihiro/.rbenv/versions/2.1.3/lib/ruby/gems/2.1.0/gems/web-console-2.3.0/lib/web_console/templates/index.html.erb (26.5ms)


Started GET "/direction/show" for ::1 at 2016-03-25 15:59:22 +0900

ActionController::RoutingError (No route matches [GET] "/direction/show"):
  actionpack (4.2.5) lib/action_dispatch/middleware/debug_exceptions.rb:21:in `call'
  web-console (2.3.0) lib/web_console/middleware.rb:28:in `block in call'
  web-console (2.3.0) lib/web_console/middleware.rb:18:in `catch'
  web-console (2.3.0) lib/web_console/middleware.rb:18:in `call'
  actionpack (4.2.5) lib/action_dispatch/middleware/show_exceptions.rb:30:in `call'
  railties (4.2.5) lib/rails/rack/logger.rb:38:in `call_app'
  railties (4.2.5) lib/rails/rack/logger.rb:20:in `block in call'
  activesupport (4.2.5) lib/active_support/tagged_logging.rb:68:in `block in tagged'
  activesupport (4.2.5) lib/active_support/tagged_logging.rb:26:in `tagged'
  activesupport (4.2.5) lib/active_support/tagged_logging.rb:68:in `tagged'
  railties (4.2.5) lib/rails/rack/logger.rb:20:in `call'
  actionpack (4.2.5) lib/action_dispatch/middleware/request_id.rb:21:in `call'
  rack (1.6.4) lib/rack/methodoverride.rb:22:in `call'
  rack (1.6.4) lib/rack/runtime.rb:18:in `call'
  activesupport (4.2.5) lib/active_support/cache/strategy/local_cache_middleware.rb:28:in `call'
  rack (1.6.4) lib/rack/lock.rb:17:in `call'
  actionpack (4.2.5) lib/action_dispatch/middleware/static.rb:116:in `call'
  rack (1.6.4) lib/rack/sendfile.rb:113:in `call'
  railties (4.2.5) lib/rails/engine.rb:518:in `call'
  railties (4.2.5) lib/rails/application.rb:165:in `call'
  rack (1.6.4) lib/rack/lock.rb:17:in `call'
  rack (1.6.4) lib/rack/content_length.rb:15:in `call'
  rack (1.6.4) lib/rack/handler/webrick.rb:88:in `service'
  /Users/akihiro/.rbenv/versions/2.1.3/lib/ruby/2.1.0/webrick/httpserver.rb:138:in `service'
  /Users/akihiro/.rbenv/versions/2.1.3/lib/ruby/2.1.0/webrick/httpserver.rb:94:in `run'
  /Users/akihiro/.rbenv/versions/2.1.3/lib/ruby/2.1.0/webrick/server.rb:295:in `block in start_thread'


  Rendered /Users/akihiro/.rbenv/versions/2.1.3/lib/ruby/gems/2.1.0/gems/actionpack-4.2.5/lib/action_dispatch/middleware/templates/rescues/_trace.html.erb (1.0ms)
  Rendered /Users/akihiro/.rbenv/versions/2.1.3/lib/ruby/gems/2.1.0/gems/actionpack-4.2.5/lib/action_dispatch/middleware/templates/routes/_route.html.erb (0.5ms)
  Rendered /Users/akihiro/.rbenv/versions/2.1.3/lib/ruby/gems/2.1.0/gems/actionpack-4.2.5/lib/action_dispatch/middleware/templates/routes/_table.html.erb (0.9ms)
  Rendered /Users/akihiro/.rbenv/versions/2.1.3/lib/ruby/gems/2.1.0/gems/actionpack-4.2.5/lib/action_dispatch/middleware/templates/rescues/_request_and_response.html.erb (0.9ms)
  Rendered /Users/akihiro/.rbenv/versions/2.1.3/lib/ruby/gems/2.1.0/gems/actionpack-4.2.5/lib/action_dispatch/middleware/templates/rescues/routing_error.html.erb within rescues/layout (16.1ms)
  Rendered /Users/akihiro/.rbenv/versions/2.1.3/lib/ruby/gems/2.1.0/gems/web-console-2.3.0/lib/web_console/templates/_markup.html.erb (0.4ms)
  Rendered /Users/akihiro/.rbenv/versions/2.1.3/lib/ruby/gems/2.1.0/gems/web-console-2.3.0/lib/web_console/templates/_inner_console_markup.html.erb within layouts/inlined_string (0.4ms)
  Rendered /Users/akihiro/.rbenv/versions/2.1.3/lib/ruby/gems/2.1.0/gems/web-console-2.3.0/lib/web_console/templates/_prompt_box_markup.html.erb within layouts/inlined_string (0.4ms)
  Rendered /Users/akihiro/.rbenv/versions/2.1.3/lib/ruby/gems/2.1.0/gems/web-console-2.3.0/lib/web_console/templates/style.css.erb within layouts/inlined_string (0.3ms)
  Rendered /Users/akihiro/.rbenv/versions/2.1.3/lib/ruby/gems/2.1.0/gems/web-console-2.3.0/lib/web_console/templates/console.js.erb within layouts/javascript (17.3ms)
  Rendered /Users/akihiro/.rbenv/versions/2.1.3/lib/ruby/gems/2.1.0/gems/web-console-2.3.0/lib/web_console/templates/main.js.erb within layouts/javascript (0.2ms)
  Rendered /Users/akihiro/.rbenv/versions/2.1.3/lib/ruby/gems/2.1.0/gems/web-console-2.3.0/lib/web_console/templates/error_page.js.erb within layouts/javascript (0.3ms)
  Rendered /Users/akihiro/.rbenv/versions/2.1.3/lib/ruby/gems/2.1.0/gems/web-console-2.3.0/lib/web_console/templates/index.html.erb (31.9ms)


Started GET "/direction/new" for ::1 at 2016-03-25 15:59:23 +0900
Processing by DirectionController#new as HTML
  Rendered direction/new.html.erb within layouts/application (0.9ms)
Completed 200 OK in 195ms (Views: 194.0ms | ActiveRecord: 0.0ms)


Started POST "/direction/show" for ::1 at 2016-03-25 15:59:33 +0900
Processing by DirectionController#show as HTML
  Parameters: {"utf8"=>"✓", "authenticity_token"=>"dI1Osa7N8g7pJvn0MZV9fEkYhPSPEchOVC5LIzmYdtzOtv5DsyCSqCoSLiTLH/IHTayVBAgn5Lut9XKC7vY5Sg==", "dep"=>"東京", "arr"=>"北府中"}
Completed 500 Internal Server Error in 1200ms (ActiveRecord: 0.0ms)

Mechanize::ResponseCodeError (500 => Net::HTTPInternalServerError for http://roote.ekispert.net/select?error%5B%5D=dep_param_nil&error%5B%5D=arr_param_nil&error%5B%5D=result -- unhandled response):
  app/controllers/direction_controller.rb:11:in `show'


  Rendered /Users/akihiro/.rbenv/versions/2.1.3/lib/ruby/gems/2.1.0/gems/actionpack-4.2.5/lib/action_dispatch/middleware/templates/rescues/_source.erb (3.3ms)
  Rendered /Users/akihiro/.rbenv/versions/2.1.3/lib/ruby/gems/2.1.0/gems/actionpack-4.2.5/lib/action_dispatch/middleware/templates/rescues/_trace.html.erb (3.1ms)
  Rendered /Users/akihiro/.rbenv/versions/2.1.3/lib/ruby/gems/2.1.0/gems/actionpack-4.2.5/lib/action_dispatch/middleware/templates/rescues/_request_and_response.html.erb (0.7ms)
  Rendered /Users/akihiro/.rbenv/versions/2.1.3/lib/ruby/gems/2.1.0/gems/actionpack-4.2.5/lib/action_dispatch/middleware/templates/rescues/diagnostics.html.erb within rescues/layout (17.8ms)
  Rendered /Users/akihiro/.rbenv/versions/2.1.3/lib/ruby/gems/2.1.0/gems/web-console-2.3.0/lib/web_console/templates/_markup.html.erb (0.2ms)
  Rendered /Users/akihiro/.rbenv/versions/2.1.3/lib/ruby/gems/2.1.0/gems/web-console-2.3.0/lib/web_console/templates/_inner_console_markup.html.erb within layouts/inlined_string (0.3ms)
  Rendered /Users/akihiro/.rbenv/versions/2.1.3/lib/ruby/gems/2.1.0/gems/web-console-2.3.0/lib/web_console/templates/_prompt_box_markup.html.erb within layouts/inlined_string (0.2ms)
  Rendered /Users/akihiro/.rbenv/versions/2.1.3/lib/ruby/gems/2.1.0/gems/web-console-2.3.0/lib/web_console/templates/style.css.erb within layouts/inlined_string (0.2ms)
  Rendered /Users/akihiro/.rbenv/versions/2.1.3/lib/ruby/gems/2.1.0/gems/web-console-2.3.0/lib/web_console/templates/console.js.erb within layouts/javascript (12.4ms)
  Rendered /Users/akihiro/.rbenv/versions/2.1.3/lib/ruby/gems/2.1.0/gems/web-console-2.3.0/lib/web_console/templates/main.js.erb within layouts/javascript (0.2ms)
  Rendered /Users/akihiro/.rbenv/versions/2.1.3/lib/ruby/gems/2.1.0/gems/web-console-2.3.0/lib/web_console/templates/error_page.js.erb within layouts/javascript (0.4ms)
  Rendered /Users/akihiro/.rbenv/versions/2.1.3/lib/ruby/gems/2.1.0/gems/web-console-2.3.0/lib/web_console/templates/index.html.erb (26.4ms)


Started GET "/direction/new" for ::1 at 2016-03-25 16:01:01 +0900
Processing by DirectionController#new as HTML
  Rendered direction/new.html.erb within layouts/application (0.6ms)
Completed 200 OK in 15ms (Views: 14.6ms | ActiveRecord: 0.0ms)


Started POST "/direction/show" for ::1 at 2016-03-25 16:01:09 +0900
Processing by DirectionController#show as HTML
  Parameters: {"utf8"=>"✓", "authenticity_token"=>"awVYhdMsWy5PwzVqevbnsUApJwks3xa4VYdZ32nYnnbRPuh3zsE7iIz34rqAfGjKRJ02+avpOk2sXGB+vrbR4A==", "dep"=>"東京", "arr"=>"北府中"}
  Rendered direction/show.html.erb within layouts/application (0.4ms)
Completed 200 OK in 1173ms (Views: 10.0ms | ActiveRecord: 0.0ms)
